[00:57:30] [main/INFO] [LaunchWrapper]: Loading tweak class name net.minecraftforge.fml.common.launcher.FMLServerTweaker
[00:57:30] [main/INFO] [LaunchWrapper]: Using primary tweak class name net.minecraftforge.fml.common.launcher.FMLServerTweaker
[00:57:30] [main/INFO] [LaunchWrapper]: Calling tweak class net.minecraftforge.fml.common.launcher.FMLServerTweaker
[00:57:30] [main/INFO] [FML]: Forge Mod Loader version 14.23.5.2860 for Minecraft 1.12.2 loading
[00:57:30] [main/INFO] [FML]: Java is OpenJDK 64-Bit Server VM, version 1.8.0_432, running on Linux:amd64:6.5.0-1025-azure, installed at /usr/lib/jvm/java-8-openjdk-amd64/jre
[00:57:31] [main/INFO] [FML]: Searching /workspaces/shawnfrost77/servidor_minecraft/./mods for mods
[00:57:31] [main/INFO] [FML]: Loading tweaker org.spongepowered.asm.launch.MixinTweaker from [1.12.2]+SecurityCraft+v1.9.8.jar
[00:57:31] [main/WARN] [FML]: Found FMLCorePluginContainsFMLMod marker in astralsorcery-1.12.2-1.10.27.jar. This is not recommended, @Mods should be in a separate jar from the coremod.
[00:57:31] [main/WARN] [FML]: The coremod hellfirepvp.astralsorcery.core.AstralCore does not have a MCVersion annotation, it may cause issues with this version of Minecraft
[00:57:31] [main/INFO] [Astral Core]: [AstralCore] Initialized.
[00:57:31] [main/WARN] [FML]: Found FMLCorePluginContainsFMLMod marker in backpacks+1.12.2+-+3.5.12.jar. This is not recommended, @Mods should be in a separate jar from the coremod.
[00:57:31] [main/WARN] [FML]: The coremod BCModPlugin (brad16840.core.BCModPlugin) is not signed!
[00:57:31] [main/WARN] [FML]: Found FMLCorePluginContainsFMLMod marker in CreativeCore_v1.10.71_mc1.12.2.jar. This is not recommended, @Mods should be in a separate jar from the coremod.
[00:57:31] [main/WARN] [FML]: The coremod com.creativemd.creativecore.core.CreativePatchingLoader does not have a MCVersion annotation, it may cause issues with this version of Minecraft
[00:57:31] [main/WARN] [FML]: The coremod CreativePatchingLoader (com.creativemd.creativecore.core.CreativePatchingLoader) is not signed!
[00:57:31] [main/WARN] [FML]: Found FMLCorePluginContainsFMLMod marker in HammerLib-1.12.2-12.2.46.jar. This is not recommended, @Mods should be in a separate jar from the coremod.
[00:57:31] [main/WARN] [FML]: Found FMLCorePluginContainsFMLMod marker in OpenModsLib-1.12.2-0.12.2.jar. This is not recommended, @Mods should be in a separate jar from the coremod.
[00:57:31] [main/WARN] [FML]: The coremod openmods.core.OpenModsCorePlugin does not have a MCVersion annotation, it may cause issues with this version of Minecraft
[00:57:31] [main/INFO] [FML]: Loading tweaker org.spongepowered.asm.launch.MixinTweaker from WolfArmorAndStorage-1.12.2-3.8.0-universal-signed.jar
[00:57:31] [main/INFO] [LaunchWrapper]: Loading tweak class name net.minecraftforge.fml.common.launcher.FMLInjectionAndSortingTweaker
[00:57:31] [main/INFO] [LaunchWrapper]: Loading tweak class name org.spongepowered.asm.launch.MixinTweaker
[00:57:31] [main/INFO] [mixin]: SpongePowered MIXIN Subsystem Version=0.8.3 Source=file:/workspaces/shawnfrost77/servidor_minecraft/./mods/%5B1.12.2%5D+SecurityCraft+v1.9.8.jar Service=LaunchWrapper Env=SERVER
[00:57:31] [main/WARN] [FML]: The coremod SecurityCraftLoadingPlugin (net.geforcemods.securitycraft.SecurityCraftLoadingPlugin) is not signed!
[00:57:31] [main/INFO] [mixin]: Compatibility level set to JAVA_8
[00:57:31] [main/WARN] [LaunchWrapper]: Tweak class name org.spongepowered.asm.launch.MixinTweaker has already been visited -- skipping
[00:57:31] [main/INFO] [LaunchWrapper]: Loading tweak class name net.minecraftforge.fml.common.launcher.FMLDeobfTweaker
[00:57:31] [main/INFO] [LaunchWrapper]: Calling tweak class net.minecraftforge.fml.common.launcher.FMLInjectionAndSortingTweaker
[00:57:31] [main/INFO] [LaunchWrapper]: Calling tweak class net.minecraftforge.fml.common.launcher.FMLInjectionAndSortingTweaker
[00:57:31] [main/INFO] [LaunchWrapper]: Calling tweak class net.minecraftforge.fml.relauncher.CoreModManager$FMLPluginWrapper
[00:57:33] [main/INFO] [FML]: Found valid fingerprint for Minecraft Forge. Certificate fingerprint e3c3d50c7c986df74c645c0ac54639741c90a557
[00:57:33] [main/INFO] [LaunchWrapper]: Calling tweak class net.minecraftforge.fml.relauncher.CoreModManager$FMLPluginWrapper
[00:57:33] [main/INFO] [LaunchWrapper]: Calling tweak class net.minecraftforge.fml.relauncher.CoreModManager$FMLPluginWrapper
[00:57:33] [main/INFO] [LaunchWrapper]: Calling tweak class net.minecraftforge.fml.relauncher.CoreModManager$FMLPluginWrapper
[00:57:33] [main/INFO] [LaunchWrapper]: Calling tweak class org.spongepowered.asm.launch.MixinTweaker
[00:57:33] [main/INFO] [mixin]: Initialised Mixin FML Remapper Adapter with net.minecraftforge.fml.common.asm.transformers.deobf.FMLDeobfuscatingRemapper@48bfb884
[00:57:33] [main/INFO] [LaunchWrapper]: Calling tweak class net.minecraftforge.fml.relauncher.CoreModManager$FMLPluginWrapper
[00:57:33] [main/WARN] [OpenMods]: openmods.config.simple.ConfigProcessor.process(ConfigProcessor.java:117): Adding new values: '[hook_pre_world_rendering, llama_null_fix, activate_player_render_hook, horse_base_null_fix, horse_null_fix]'
[00:57:34] [main/INFO] [LaunchWrapper]: Calling tweak class net.minecraftforge.fml.relauncher.CoreModManager$FMLPluginWrapper
[00:57:34] [main/INFO] [LaunchWrapper]: Calling tweak class net.minecraftforge.fml.common.launcher.FMLDeobfTweaker
[00:57:34] [main/INFO] [Astral Core]: [AstralTransformer] Loading patches...
[00:57:34] [main/INFO] [Astral Core]: [AstralTransformer] Initialized! Loaded 14 class patches!
[00:57:34] [main/INFO] [LaunchWrapper]: Calling tweak class net.minecraftforge.fml.relauncher.CoreModManager$FMLPluginWrapper
[00:57:34] [main/INFO] [LaunchWrapper]: Loading tweak class name net.minecraftforge.fml.common.launcher.TerminalTweaker
[00:57:34] [main/INFO] [LaunchWrapper]: Loading tweak class name org.spongepowered.asm.mixin.EnvironmentStateTweaker
[00:57:34] [main/INFO] [LaunchWrapper]: Calling tweak class net.minecraftforge.fml.common.launcher.TerminalTweaker
[00:57:34] [main/INFO] [LaunchWrapper]: Calling tweak class org.spongepowered.asm.mixin.EnvironmentStateTweaker
[00:57:34] [main/INFO] [Hammer Core [ASM]]: Transforming net.minecraft.entity.EntityLivingBase (vp)...
[00:57:34] [main/INFO] [Hammer Core [ASM]]:   -Patching EntityLivingBase
[00:57:34] [main/INFO] [Hammer Core [ASM]]:     -Modified method 'onItemUseFinish': added event call.
[00:57:34] [main/INFO] [mixin]: A re-entrant transformer '$wrapper.com.zeitheron.hammercore.asm.HammerCoreTransformer' was detected and will no longer process meta class data
[00:57:34] [main/INFO] [Astral Core]: [AstralTransformer] Transforming vp : net.minecraft.entity.EntityLivingBase with 4 patches!
[00:57:34] [main/INFO] [Astral Core]: [AstralTransformer] Applied patch PATCHAPPLYPOTIONEFFECTEVENT
[00:57:34] [main/INFO] [Astral Core]: [AstralTransformer] Applied patch PATCHENTITYLIVINGBASEWATERSLOWDOWN
[00:57:34] [main/INFO] [Astral Core]: [AstralTransformer] Applied patch PATCHSETPLAYERATTRIBUTE
[00:57:34] [main/INFO] [Astral Core]: [AstralTransformer] Applied patch PATCHUPDATEELYTRA
[00:57:34] [main/INFO] [Hammer Core [ASM]]: Transforming net.minecraft.world.World (amu)...
[00:57:34] [main/INFO] [Hammer Core [ASM]]:   -Patching World
[00:57:34] [main/INFO] [Hammer Core [ASM]]:     -Modified method 'k', replaced nx.e()V with HC call.
[00:57:35] [main/INFO] [Astral Core]: [AstralTransformer] Transforming amu : net.minecraft.world.World with 2 patches!
[00:57:35] [main/INFO] [Astral Core]: [AstralTransformer] Skipping PATCHSUNBRIGHTNESSWORLDCLIENT as it can't be applied for side SERVER
[00:57:35] [main/INFO] [Astral Core]: [AstralTransformer] Applied patch PATCHSUNBRIGHTNESSWORLDCOMMON
[00:57:35] [main/INFO] [Astral Core]: [AstralTransformer] Transforming pa : net.minecraft.network.NetHandlerPlayServer with 1 patches!
[00:57:35] [main/INFO] [Astral Core]: [AstralTransformer] Applied patch PATCHSERVEREXTENDENTITYINTERACTREACH
[00:57:35] [main/INFO] [Hammer Core [ASM]]: Transforming net.minecraft.entity.EntityLivingBase (vp)...
[00:57:35] [main/INFO] [Hammer Core [ASM]]:   -Patching EntityLivingBase
[00:57:35] [main/INFO] [Hammer Core [ASM]]:     -Modified method 'onItemUseFinish': added event call.
[00:57:35] [main/INFO] [Astral Core]: [AstralTransformer] Transforming vp : net.minecraft.entity.EntityLivingBase with 4 patches!
[00:57:35] [main/INFO] [Astral Core]: [AstralTransformer] Applied patch PATCHAPPLYPOTIONEFFECTEVENT
[00:57:35] [main/INFO] [Astral Core]: [AstralTransformer] Applied patch PATCHENTITYLIVINGBASEWATERSLOWDOWN
[00:57:35] [main/INFO] [Astral Core]: [AstralTransformer] Applied patch PATCHSETPLAYERATTRIBUTE
[00:57:35] [main/INFO] [Astral Core]: [AstralTransformer] Applied patch PATCHUPDATEELYTRA
[00:57:35] [main/INFO] [LaunchWrapper]: Launching wrapped minecraft {net.minecraft.server.MinecraftServer}
[00:57:36] [main/INFO] [Hammer Core [ASM]]: Transforming net.minecraft.entity.item.EntityItem (acl)...
[00:57:36] [main/INFO] [Hammer Core [ASM]]:   -Patching EntityItem
[00:57:36] [main/INFO] [Hammer Core [ASM]]:     -Modified method 'attackEntityFrom': added event call.
[00:57:36] [main/INFO] [Astral Core]: [AstralTransformer] Transforming aip : net.minecraft.item.ItemStack with 2 patches!
[00:57:36] [main/INFO] [Astral Core]: [AstralTransformer] Skipping PATCHMODIFYENCHANTMENTLEVELSTOOLTIP as it can't be applied for side SERVER
[00:57:36] [main/INFO] [Astral Core]: [AstralTransformer] Skipping PATCHMODIFYENCHANTMENTLEVELSTOOLTIPEVENT as it can't be applied for side SERVER
[00:57:37] [main/INFO] [Astral Core]: [AstralTransformer] Transforming aip : net.minecraft.item.ItemStack with 2 patches!
[00:57:37] [main/INFO] [Astral Core]: [AstralTransformer] Skipping PATCHMODIFYENCHANTMENTLEVELSTOOLTIP as it can't be applied for side SERVER
[00:57:37] [main/INFO] [Astral Core]: [AstralTransformer] Skipping PATCHMODIFYENCHANTMENTLEVELSTOOLTIPEVENT as it can't be applied for side SERVER
[00:57:37] [main/INFO] [Astral Core]: [AstralTransformer] Transforming amu : net.minecraft.world.World with 2 patches!
[00:57:37] [main/INFO] [Astral Core]: [AstralTransformer] Skipping PATCHSUNBRIGHTNESSWORLDCLIENT as it can't be applied for side SERVER
[00:57:37] [main/INFO] [Astral Core]: [AstralTransformer] Applied patch PATCHSUNBRIGHTNESSWORLDCOMMON
[00:57:38] [main/INFO] [Astral Core]: [AstralTransformer] Transforming wg : net.minecraft.entity.ai.attributes.AbstractAttributeMap with 1 patches!
[00:57:38] [main/INFO] [Astral Core]: [AstralTransformer] Applied patch PATCHADDPLAYERATTRIBUTE
[00:57:38] [main/INFO] [Astral Core]: [AstralTransformer] Transforming alm : net.minecraft.enchantment.EnchantmentHelper with 1 patches!
[00:57:38] [main/INFO] [Astral Core]: [AstralTransformer] Applied patch PATCHMODIFYENCHANTMENTLEVELS
[00:57:40] [main/INFO] [Hammer Core [ASM]]: Transforming net.minecraft.profiler.Profiler (rl)...
[00:57:40] [main/INFO] [Hammer Core [ASM]]:   -Patched startSection!
[00:57:40] [main/INFO] [Hammer Core [ASM]]:   -Patched endSection!
[00:57:40] [main/INFO] [Hammer Core [ASM]]:   -Patched endStartSection!
[00:57:40] [Server thread/INFO] [net.minecraft.server.dedicated.DedicatedServer]: Starting minecraft server version 1.12.2
[00:57:40] [Server thread/INFO] [FML]: MinecraftForge v14.23.5.2860 Initialized
[00:57:40] [Server thread/INFO] [FML]: Starts to replace vanilla recipe ingredients with ore ingredients.
[00:57:40] [Server thread/INFO] [FML]: Invalid recipe found with multiple oredict ingredients in the same ingredient...
[00:57:40] [Server thread/INFO] [FML]: Replaced 1227 ore ingredients
[00:57:40] [Server thread/INFO] [FML]: Searching /workspaces/shawnfrost77/servidor_minecraft/./mods for mods
[00:57:41] [Server thread/WARN] [FML]: Mod securitycraft is missing the required element 'version' and a version.properties file could not be found. Falling back to metadata version v1.9.8
[00:57:41] [Server thread/INFO] [FML]: Disabling mod durabilityviewer it is client side only.
[00:57:41] [Server thread/INFO] [FML]: Disabling mod jeiintegration it is client side only.
[00:57:42] [Server thread/WARN] [FML]: ****************************************
[00:57:42] [Server thread/WARN] [FML]: * The mod tlskincape has been identified as a probable 1.13 or greater mod. Things will not work well.
[00:57:42] [Server thread/WARN] [FML]: *  at net.minecraftforge.fml.common.FMLModContainer.sanityCheckModId(FMLModContainer.java:144)
[00:57:42] [Server thread/WARN] [FML]: *  at net.minecraftforge.fml.common.FMLModContainer.<init>(FMLModContainer.java:128)
[00:57:42] [Server thread/WARN] [FML]: *  at sun.reflect.GeneratedConstructorAccessor18.newInstance(Unknown Source)
[00:57:42] [Server thread/WARN] [FML]: *  at sun.reflect.DelegatingConstructorAccessorImpl.newInstance(DelegatingConstructorAccessorImpl.java:45)
[00:57:42] [Server thread/WARN] [FML]: *  at java.lang.reflect.Constructor.newInstance(Constructor.java:423)
[00:57:42] [Server thread/WARN] [FML]: *  at net.minecraftforge.fml.common.ModContainerFactory.build(ModContainerFactory.java:73)...
[00:57:42] [Server thread/WARN] [FML]: ****************************************
[00:57:42] [Server thread/WARN] [FML]: Mod tlskincape is missing the required element 'version' and a version.properties file could not be found. Falling back to metadata version 1.19
[00:57:42] [Server thread/ERROR] [FML]: Unable to read a class file correctly
java.lang.IllegalArgumentException: null
	at org.objectweb.asm.ClassReader.<init>(ClassReader.java:185) ~[asm-debug-all-5.2.jar:5.2]
	at org.objectweb.asm.ClassReader.<init>(ClassReader.java:168) ~[asm-debug-all-5.2.jar:5.2]
	at org.objectweb.asm.ClassReader.<init>(ClassReader.java:439) ~[asm-debug-all-5.2.jar:5.2]
	at net.minecraftforge.fml.common.discovery.asm.ASMModParser.<init>(ASMModParser.java:57) [ASMModParser.class:?]
	at net.minecraftforge.fml.common.discovery.JarDiscoverer.findClassesASM(JarDiscoverer.java:102) [JarDiscoverer.class:?]
	at net.minecraftforge.fml.common.discovery.JarDiscoverer.discover(JarDiscoverer.java:77) [JarDiscoverer.class:?]
	at net.minecraftforge.fml.common.discovery.ContainerType.findMods(ContainerType.java:47) [ContainerType.class:?]
	at net.minecraftforge.fml.common.discovery.ModCandidate.explore(ModCandidate.java:74) [ModCandidate.class:?]
	at net.minecraftforge.fml.common.discovery.ModDiscoverer.identifyMods(ModDiscoverer.java:93) [ModDiscoverer.class:?]
	at net.minecraftforge.fml.common.Loader.identifyMods(Loader.java:427) [Loader.class:?]
	at net.minecraftforge.fml.common.Loader.loadMods(Loader.java:568) [Loader.class:?]
	at net.minecraftforge.fml.server.FMLServerHandler.beginServerLoading(FMLServerHandler.java:98) [FMLServerHandler.class:?]
	at net.minecraftforge.fml.common.FMLCommonHandler.onServerStart(FMLCommonHandler.java:333) [FMLCommonHandler.class:?]
	at net.minecraft.server.dedicated.DedicatedServer.func_71197_b(DedicatedServer.java:125) [nz.class:?]
	at net.minecraft.server.MinecraftServer.run(MinecraftServer.java:486) [MinecraftServer.class:?]
	at java.lang.Thread.run(Thread.java:750) [?:1.8.0_432]
[00:57:42] [Server thread/ERROR] [FML]: There was a problem reading the entry org/tlauncher/connector/AbstractConnector.class in the jar ./mods/tl_skin_cape_forge_1.21.3-1.35.jar - probably a corrupt zip
net.minecraftforge.fml.common.LoaderException: java.lang.IllegalArgumentException

	at net.minecraftforge.fml.common.discovery.asm.ASMModParser.<init>(ASMModParser.java:63) ~[ASMModParser.class:?]
	at net.minecraftforge.fml.common.discovery.JarDiscoverer.findClassesASM(JarDiscoverer.java:102) [JarDiscoverer.class:?]
	at net.minecraftforge.fml.common.discovery.JarDiscoverer.discover(JarDiscoverer.java:77) [JarDiscoverer.class:?]
	at net.minecraftforge.fml.common.discovery.ContainerType.findMods(ContainerType.java:47) [ContainerType.class:?]
	at net.minecraftforge.fml.common.discovery.ModCandidate.explore(ModCandidate.java:74) [ModCandidate.class:?]
	at net.minecraftforge.fml.common.discovery.ModDiscoverer.identifyMods(ModDiscoverer.java:93) [ModDiscoverer.class:?]
	at net.minecraftforge.fml.common.Loader.identifyMods(Loader.java:427) [Loader.class:?]
	at net.minecraftforge.fml.common.Loader.loadMods(Loader.java:568) [Loader.class:?]
	at net.minecraftforge.fml.server.FMLServerHandler.beginServerLoading(FMLServerHandler.java:98) [FMLServerHandler.class:?]
	at net.minecraftforge.fml.common.FMLCommonHandler.onServerStart(FMLCommonHandler.java:333) [FMLCommonHandler.class:?]
	at net.minecraft.server.dedicated.DedicatedServer.func_71197_b(DedicatedServer.java:125) [nz.class:?]
	at net.minecraft.server.MinecraftServer.run(MinecraftServer.java:486) [MinecraftServer.class:?]
	at java.lang.Thread.run(Thread.java:750) [?:1.8.0_432]
Caused by: java.lang.IllegalArgumentException
	at org.objectweb.asm.ClassReader.<init>(ClassReader.java:185) ~[asm-debug-all-5.2.jar:5.2]
	at org.objectweb.asm.ClassReader.<init>(ClassReader.java:168) ~[asm-debug-all-5.2.jar:5.2]
	at org.objectweb.asm.ClassReader.<init>(ClassReader.java:439) ~[asm-debug-all-5.2.jar:5.2]
	at net.minecraftforge.fml.common.discovery.asm.ASMModParser.<init>(ASMModParser.java:57) ~[ASMModParser.class:?]
	... 12 more
[00:57:42] [Server thread/WARN] [FML]: Zip file tl_skin_cape_forge_1.21.3-1.35.jar failed to read properly, it will be ignored
net.minecraftforge.fml.common.LoaderException: java.lang.IllegalArgumentException

	at net.minecraftforge.fml.common.discovery.asm.ASMModParser.<init>(ASMModParser.java:63) ~[ASMModParser.class:?]
	at net.minecraftforge.fml.common.discovery.JarDiscoverer.findClassesASM(JarDiscoverer.java:102) ~[JarDiscoverer.class:?]
	at net.minecraftforge.fml.common.discovery.JarDiscoverer.discover(JarDiscoverer.java:77) [JarDiscoverer.class:?]
	at net.minecraftforge.fml.common.discovery.ContainerType.findMods(ContainerType.java:47) [ContainerType.class:?]
	at net.minecraftforge.fml.common.discovery.ModCandidate.explore(ModCandidate.java:74) [ModCandidate.class:?]
	at net.minecraftforge.fml.common.discovery.ModDiscoverer.identifyMods(ModDiscoverer.java:93) [ModDiscoverer.class:?]
	at net.minecraftforge.fml.common.Loader.identifyMods(Loader.java:427) [Loader.class:?]
	at net.minecraftforge.fml.common.Loader.loadMods(Loader.java:568) [Loader.class:?]
	at net.minecraftforge.fml.server.FMLServerHandler.beginServerLoading(FMLServerHandler.java:98) [FMLServerHandler.class:?]
	at net.minecraftforge.fml.common.FMLCommonHandler.onServerStart(FMLCommonHandler.java:333) [FMLCommonHandler.class:?]
	at net.minecraft.server.dedicated.DedicatedServer.func_71197_b(DedicatedServer.java:125) [nz.class:?]
	at net.minecraft.server.MinecraftServer.run(MinecraftServer.java:486) [MinecraftServer.class:?]
	at java.lang.Thread.run(Thread.java:750) [?:1.8.0_432]
Caused by: java.lang.IllegalArgumentException
	at org.objectweb.asm.ClassReader.<init>(ClassReader.java:185) ~[asm-debug-all-5.2.jar:5.2]
	at org.objectweb.asm.ClassReader.<init>(ClassReader.java:168) ~[asm-debug-all-5.2.jar:5.2]
	at org.objectweb.asm.ClassReader.<init>(ClassReader.java:439) ~[asm-debug-all-5.2.jar:5.2]
	at net.minecraftforge.fml.common.discovery.asm.ASMModParser.<init>(ASMModParser.java:57) ~[ASMModParser.class:?]
	... 12 more
[00:57:42] [Server thread/WARN] [FML]: Mod xpbook is missing the required element 'version' and a version.properties file could not be found. Falling back to metadata version v2.0.1
[00:57:42] [Server thread/INFO] [FML]: Forge Mod Loader has identified 38 mods to load
[00:57:42] [Server thread/WARN] [FML]: Missing English translation for FML: assets/fml/lang/en_us.lang
[00:57:43] [Server thread/WARN] [FML]: Missing English translation for radixcore: assets/radixcore/lang/en_us.lang
[00:57:43] [Server thread/WARN] [FML]: Missing English translation for roguelike: assets/roguelike/lang/en_us.lang
[00:57:43] [Server thread/WARN] [FML]: Missing English translation for tlskincape: assets/tlskincape/lang/en_us.lang
[00:57:43] [Server thread/WARN] [FML]: Missing English translation for teamlapen-lib: assets/teamlapen-lib/lang/en_us.lang
[00:57:43] [Server thread/FATAL] [FML]: The mod tlskincape does not wish to run in Minecraft version Minecraft 1.12.2. You will have to remove it to play.
[00:57:43] [Server thread/FATAL] [FML]: Wrong Minecraft version for tlskincape
[00:57:43] [Server thread/ERROR] [net.minecraft.server.MinecraftServer]: Encountered an unexpected exception
net.minecraftforge.fml.common.WrongMinecraftVersionException: Wrong Minecraft version for tlskincape
Wrong Minecraft Versions!
Mod: tlskincape
Location: ./mods/tl_skin_cape_forge_1.16.5-1.19.jar
Expected: [1.13,)
Current: Minecraft 1.12.2


	at net.minecraftforge.fml.common.Loader.sortModList(Loader.java:252) ~[Loader.class:?]
	at net.minecraftforge.fml.common.Loader.loadMods(Loader.java:572) ~[Loader.class:?]
	at net.minecraftforge.fml.server.FMLServerHandler.beginServerLoading(FMLServerHandler.java:98) ~[FMLServerHandler.class:?]
	at net.minecraftforge.fml.common.FMLCommonHandler.onServerStart(FMLCommonHandler.java:333) ~[FMLCommonHandler.class:?]
	at net.minecraft.server.dedicated.DedicatedServer.func_71197_b(DedicatedServer.java:125) ~[nz.class:?]
	at net.minecraft.server.MinecraftServer.run(MinecraftServer.java:486) [MinecraftServer.class:?]
	at java.lang.Thread.run(Thread.java:750) [?:1.8.0_432]
[00:57:43] [Server thread/ERROR] [net.minecraft.server.MinecraftServer]: This crash report has been saved to: /workspaces/shawnfrost77/servidor_minecraft/./crash-reports/crash-2024-12-08_00.57.43-server.txt
[00:57:43] [Server thread/INFO] [net.minecraft.server.MinecraftServer]: Stopping server
[00:57:43] [Server thread/INFO] [net.minecraft.server.MinecraftServer]: Saving worlds
[00:57:43] [Server thread/INFO] [FML]: The state engine was in incorrect state CONSTRUCTING and forced into state SERVER_STOPPED. Errors may have been discarded.
[00:57:43] [Server Shutdown Thread/INFO] [net.minecraft.server.MinecraftServer]: Stopping server
[00:57:43] [Server Shutdown Thread/INFO] [net.minecraft.server.MinecraftServer]: Saving worlds
